QR Scanner/app/build/intermediates/manifest_merge_blame_file/debug/manifest-merger-blame-debug-report.txt
1<?xml version="1.0" encoding="utf-8"?>
2<manifest xmlns:android="http://schemas.android.com/apk/res/android"
3    package="com.infinity.interactive.scanqr.generateqr"
4    android:versionCode="1"
5    android:versionName="1.0.0" >
6
7    <uses-sdk
8        android:minSdkVersion="24"
8-->src\main\AndroidManifest.xml
9        android:targetSdkVersion="33" />
9-->src\main\AndroidManifest.xml
10
11    <uses-feature
11-->src\main\AndroidManifest.xml:6:5-8:36
12        android:name="android.hardware.camera"
12-->src\main\AndroidManifest.xml:7:9-47
13        android:required="false" />
13-->src\main\AndroidManifest.xml:8:9-33
14    <uses-feature
14-->src\main\AndroidManifest.xml:9:5-11:36
15        android:name="android.hardware.telephony"
15-->src\main\AndroidManifest.xml:10:9-50
16        android:required="false" />
16-->src\main\AndroidManifest.xml:11:9-33
17
18    <!-- <uses-permission android:name="com.android.vending.BILLING" /> -->
19    <uses-permission android:name="android.permission.ACCESS_COARSE_LOCATION" />
19-->src\main\AndroidManifest.xml:14:5-81
19-->src\main\AndroidManifest.xml:14:22-78
20    <uses-permission android:name="android.permission.ACCESS_FINE_LOCATION" />
20-->src\main\AndroidManifest.xml:15:5-79
20-->src\main\AndroidManifest.xml:15:22-76
21    <uses-permission android:name="android.permission.ACCESS_NETWORK_STATE" />
21-->src\main\AndroidManifest.xml:16:5-79
21-->src\main\AndroidManifest.xml:16:22-76
22    <uses-permission android:name="android.permission.ACCESS_WIFI_STATE" />
22-->src\main\AndroidManifest.xml:17:5-76
22-->src\main\AndroidManifest.xml:17:22-73
23    <uses-permission android:name="android.permission.GET_ACCOUNTS" />
23-->src\main\AndroidManifest.xml:18:5-71
23-->src\main\AndroidManifest.xml:18:22-68
24    <uses-permission android:name="android.permission.READ_MEDIA_IMAGES" />
24-->src\main\AndroidManifest.xml:19:5-76
24-->src\main\AndroidManifest.xml:19:22-73
25    <!-- Required to maintain app compatibility. -->
26    <uses-permission
26-->src\main\AndroidManifest.xml:21:5-22:38
27        android:name="android.permission.READ_EXTERNAL_STORAGE"
27-->src\main\AndroidManifest.xml:21:22-77
28        android:maxSdkVersion="32" />
28-->src\main\AndroidManifest.xml:22:9-35
29    <uses-permission android:name="android.permission.WRITE_EXTERNAL_STORAGE" />
29-->src\main\AndroidManifest.xml:23:5-25:40
29-->src\main\AndroidManifest.xml:24:9-65
30    <uses-permission android:name="android.permission.CAMERA" />
30-->src\main\AndroidManifest.xml:26:5-65
30-->src\main\AndroidManifest.xml:26:22-62
31    <uses-permission android:name="android.permission.VIBRATE" />
31-->src\main\AndroidManifest.xml:27:5-66
31-->src\main\AndroidManifest.xml:27:22-63
32    <uses-permission android:name="android.permission.CALL_PHONE" />
32-->src\main\AndroidManifest.xml:28:5-69
32-->src\main\AndroidManifest.xml:28:22-66
33    <uses-permission android:name="android.permission.READ_CONTACTS" />
33-->src\main\AndroidManifest.xml:29:5-72
33-->src\main\AndroidManifest.xml:29:22-69
34    <uses-permission android:name="android.permission.CHANGE_WIFI_STATE" />
34-->src\main\AndroidManifest.xml:30:5-76
34-->src\main\AndroidManifest.xml:30:22-73
35    <uses-permission android:name="android.permission.INTERNET" />
35-->src\main\AndroidManifest.xml:31:5-67
35-->src\main\AndroidManifest.xml:31:22-64
36    <uses-permission android:name="android.permission.RECEIVE_BOOT_COMPLETED" />
36-->src\main\AndroidManifest.xml:32:5-81
36-->src\main\AndroidManifest.xml:32:22-78
37
38    <uses-feature
38-->[com.google.android.gms:play-services-maps:17.0.0] AndroidManifest.xml:26:5-28:35
39        android:glEsVersion="0x00020000"
39-->[com.google.android.gms:play-services-maps:17.0.0] AndroidManifest.xml:27:9-41
40        android:required="true" />
40-->[com.google.android.gms:play-services-maps:17.0.0] AndroidManifest.xml:28:9-32
41
42    <uses-permission android:name="android.permission.WAKE_LOCK" />
42-->[com.google.android.gms:play-services-measurement:21.2.0] AndroidManifest.xml:25:5-68
42-->[com.google.android.gms:play-services-measurement:21.2.0] AndroidManifest.xml:25:22-65
43    <uses-permission android:name="com.google.android.finsky.permission.BIND_GET_INSTALL_REFERRER_SERVICE" />
43-->[com.google.android.gms:play-services-measurement:21.2.0] AndroidManifest.xml:26:5-110
43-->[com.google.android.gms:play-services-measurement:21.2.0] AndroidManifest.xml:26:22-107
44    <uses-permission android:name="com.google.android.gms.permission.AD_ID" />
44-->[com.google.android.gms:play-services-measurement-api:21.2.0] AndroidManifest.xml:25:5-79
44-->[com.google.android.gms:play-services-measurement-api:21.2.0] AndroidManifest.xml:25:22-76
45    <uses-permission android:name="android.permission.FOREGROUND_SERVICE" />
45-->[androidx.work:work-runtime:2.7.0-alpha05] AndroidManifest.xml:28:5-77
45-->[androidx.work:work-runtime:2.7.0-alpha05] AndroidManifest.xml:28:22-74
46
47    <uses-feature
47-->[com.journeyapps:zxing-android-embedded:4.3.0] AndroidManifest.xml:28:5-30:36
48        android:name="android.hardware.camera.front"
48-->[com.journeyapps:zxing-android-embedded:4.3.0] AndroidManifest.xml:29:9-53
49        android:required="false" /> <!-- TODO replace above two with next line after Android 4.2 -->
49-->[com.journeyapps:zxing-android-embedded:4.3.0] AndroidManifest.xml:30:9-33
50    <!-- <uses-feature android:name="android.hardware.camera.any"/> -->
51    <uses-feature
51-->[com.journeyapps:zxing-android-embedded:4.3.0] AndroidManifest.xml:33:5-35:36
52        android:name="android.hardware.camera.autofocus"
52-->[com.journeyapps:zxing-android-embedded:4.3.0] AndroidManifest.xml:34:9-57
53        android:required="false" />
53-->[com.journeyapps:zxing-android-embedded:4.3.0] AndroidManifest.xml:35:9-33
54    <uses-feature
54-->[com.journeyapps:zxing-android-embedded:4.3.0] AndroidManifest.xml:36:5-38:36
55        android:name="android.hardware.camera.flash"
55-->[com.journeyapps:zxing-android-embedded:4.3.0] AndroidManifest.xml:37:9-53
56        android:required="false" />
56-->[com.journeyapps:zxing-android-embedded:4.3.0] AndroidManifest.xml:38:9-33
57    <uses-feature
57-->[com.journeyapps:zxing-android-embedded:4.3.0] AndroidManifest.xml:39:5-41:36
58        android:name="android.hardware.screen.landscape"
58-->[com.journeyapps:zxing-android-embedded:4.3.0] AndroidManifest.xml:40:9-57
59        android:required="false" />
59-->[com.journeyapps:zxing-android-embedded:4.3.0] AndroidManifest.xml:41:9-33
60    <uses-feature
60-->[com.journeyapps:zxing-android-embedded:4.3.0] AndroidManifest.xml:42:5-44:36
61        android:name="android.hardware.wifi"
61-->[com.journeyapps:zxing-android-embedded:4.3.0] AndroidManifest.xml:43:9-45
62        android:required="false" /> <!-- <uses-permission android:name="com.google.android.gms.permission.AD_ID" /> -->
62-->[com.journeyapps:zxing-android-embedded:4.3.0] AndroidManifest.xml:44:9-33
63    <application
63-->src\main\AndroidManifest.xml:35:5-229:19
64        android:name="com.infinity.interactive.scanqr.generateqr.activity.MyApp"
64-->src\main\AndroidManifest.xml:36:9-81
65        android:allowBackup="true"
65-->src\main\AndroidManifest.xml:37:9-35
66        android:appComponentFactory="androidx.core.app.CoreComponentFactory"
66-->[androidx.core:core:1.8.0] AndroidManifest.xml:24:18-86
67        android:dataExtractionRules="@xml/data_extraction_rules"
67-->src\main\AndroidManifest.xml:38:9-65
68        android:debuggable="true"
69        android:extractNativeLibs="false"
70        android:fullBackupContent="true"
70-->src\main\AndroidManifest.xml:39:9-41
71        android:hardwareAccelerated="true"
71-->src\main\AndroidManifest.xml:40:9-43
72        android:icon="@drawable/app_icon_splash"
72-->src\main\AndroidManifest.xml:41:9-49
73        android:label="@string/app_name"
73-->src\main\AndroidManifest.xml:42:9-41
74        android:largeHeap="true"
74-->src\main\AndroidManifest.xml:43:9-33
75        android:requestLegacyExternalStorage="true"
75-->src\main\AndroidManifest.xml:44:9-52
76        android:supportsRtl="false"
76-->src\main\AndroidManifest.xml:45:9-36
77        android:theme="@style/AppTheme"
77-->src\main\AndroidManifest.xml:46:9-40
78        android:usesCleartextTraffic="true" >
78-->src\main\AndroidManifest.xml:47:9-44
79
80        <!-- <activity -->
81        <!-- android:name=".activity.RemoveAdsActivity" -->
82        <!-- android:exported="false" -->
83        <!-- android:screenOrientation="portrait" -->
84        <!-- android:windowSoftInputMode="stateHidden" -->
85        <!-- tools:ignore="LockedOrientationActivity" -->
86        <!-- android:theme="@style/Theme.AppCompat.DayNight.NoActionBar" /> -->
87        <activity
87-->src\main\AndroidManifest.xml:59:9-66:75
88            android:name="com.infinity.interactive.scanqr.generateqr.activity.CustomQRCode"
88-->src\main\AndroidManifest.xml:60:13-92
89            android:exported="false"
89-->src\main\AndroidManifest.xml:61:13-37
90            android:hardwareAccelerated="false"
90-->src\main\AndroidManifest.xml:65:13-48
91            android:screenOrientation="portrait"
91-->src\main\AndroidManifest.xml:62:13-49
92            android:theme="@style/Theme.AppCompat.DayNight.NoActionBar"
92-->src\main\AndroidManifest.xml:66:13-72
93            android:windowSoftInputMode="stateHidden" />
93-->src\main\AndroidManifest.xml:63:13-54
94        <!-- &lt;!&ndash;        <activity&ndash;&gt; -->
95        <!-- android:name=".activity.ShareAndCrop" -->
96        <!-- android:exported="false" -->
97        <!-- android:theme="@style/Theme.AppCompat.DayNight.NoActionBar" /> -->
98
99        <activity
99-->src\main\AndroidManifest.xml:72:9-78:56
100            android:name="com.infinity.interactive.scanqr.generateqr.activity.QRImageActivity"
100-->src\main\AndroidManifest.xml:73:13-95
101            android:exported="true"
101-->src\main\AndroidManifest.xml:74:13-36
102            android:screenOrientation="portrait"
102-->src\main\AndroidManifest.xml:75:13-49
103            android:theme="@style/AppTheme.NoActionBar"
103-->src\main\AndroidManifest.xml:76:13-56
104            android:windowSoftInputMode="stateHidden" />
104-->src\main\AndroidManifest.xml:77:13-54
105        <activity
105-->src\main\AndroidManifest.xml:79:9-85:56
106            android:name="com.infinity.interactive.scanqr.generateqr.activity.ScanningNotWork"
106-->src\main\AndroidManifest.xml:80:13-95
107            android:exported="true"
107-->src\main\AndroidManifest.xml:81:13-36
108            android:screenOrientation="portrait"
108-->src\main\AndroidManifest.xml:82:13-49
109            android:theme="@style/AppTheme.NoActionBar"
109-->src\main\AndroidManifest.xml:83:13-56
110            android:windowSoftInputMode="stateHidden" />
110-->src\main\AndroidManifest.xml:84:13-54
111        <activity
111-->src\main\AndroidManifest.xml:86:9-92:56
112            android:name="com.infinity.interactive.scanqr.generateqr.activity.TipsActivity"
112-->src\main\AndroidManifest.xml:87:13-92
113            android:exported="true"
113-->src\main\AndroidManifest.xml:88:13-36
114            android:screenOrientation="portrait"
114-->src\main\AndroidManifest.xml:89:13-49
115            android:theme="@style/AppTheme.NoActionBar"
115-->src\main\AndroidManifest.xml:90:13-56
116            android:windowSoftInputMode="stateHidden" />
116-->src\main\AndroidManifest.xml:91:13-54
117        <activity
117-->src\main\AndroidManifest.xml:93:9-99:56
118            android:name="com.infinity.interactive.scanqr.generateqr.activity.SupportedCodes"
118-->src\main\AndroidManifest.xml:94:13-94
119            android:exported="true"
119-->src\main\AndroidManifest.xml:95:13-36
120            android:screenOrientation="portrait"
120-->src\main\AndroidManifest.xml:96:13-49
121            android:theme="@style/AppTheme.NoActionBar"
121-->src\main\AndroidManifest.xml:97:13-56
122            android:windowSoftInputMode="stateHidden" />
122-->src\main\AndroidManifest.xml:98:13-54
123        <activity
123-->src\main\AndroidManifest.xml:100:9-106:56
124            android:name="com.infinity.interactive.scanqr.generateqr.activity.HelpActivity"
124-->src\main\AndroidManifest.xml:101:13-92
125            android:exported="true"
125-->src\main\AndroidManifest.xml:102:13-36
126            android:screenOrientation="portrait"
126-->src\main\AndroidManifest.xml:103:13-49
127            android:theme="@style/AppTheme.NoActionBar"
127-->src\main\AndroidManifest.xml:104:13-56
128            android:windowSoftInputMode="stateHidden" />
128-->src\main\AndroidManifest.xml:105:13-54
129        <activity
129-->src\main\AndroidManifest.xml:108:9-114:56
130            android:name="com.infinity.interactive.scanqr.generateqr.activity.CropActivity"
130-->src\main\AndroidManifest.xml:109:13-92
131            android:exported="true"
131-->src\main\AndroidManifest.xml:110:13-36
132            android:screenOrientation="portrait"
132-->src\main\AndroidManifest.xml:111:13-49
133            android:theme="@style/Theme.AppCompat.DayNight.NoActionBar"
133-->src\main\AndroidManifest.xml:112:13-72
134            android:windowSoftInputMode="stateHidden" />
134-->src\main\AndroidManifest.xml:113:13-54
135        <activity
135-->src\main\AndroidManifest.xml:115:9-121:56
136            android:name="com.infinity.interactive.scanqr.generateqr.activity.SaveQRCode"
136-->src\main\AndroidManifest.xml:116:13-90
137            android:exported="true"
137-->src\main\AndroidManifest.xml:117:13-36
138            android:screenOrientation="portrait"
138-->src\main\AndroidManifest.xml:118:13-49
139            android:theme="@style/AppTheme.NoActionBar"
139-->src\main\AndroidManifest.xml:119:13-56
140            android:windowSoftInputMode="stateHidden" />
140-->src\main\AndroidManifest.xml:120:13-54
141        <activity
141-->src\main\AndroidManifest.xml:122:9-128:56
142            android:name="com.infinity.interactive.scanqr.generateqr.activity.AfterSplash"
142-->src\main\AndroidManifest.xml:123:13-91
143            android:exported="true"
143-->src\main\AndroidManifest.xml:124:13-36
144            android:screenOrientation="portrait"
144-->src\main\AndroidManifest.xml:125:13-49
145            android:theme="@style/AppTheme.NoActionBar"
145-->src\main\AndroidManifest.xml:126:13-56
146            android:windowSoftInputMode="stateHidden" />
146-->src\main\AndroidManifest.xml:127:13-54
147        <activity
147-->src\main\AndroidManifest.xml:129:9-135:56
148            android:name="com.infinity.interactive.scanqr.generateqr.activity.QRCodeGeneratorScanner"
148-->src\main\AndroidManifest.xml:130:13-102
149            android:exported="true"
149-->src\main\AndroidManifest.xml:131:13-36
150            android:screenOrientation="portrait"
150-->src\main\AndroidManifest.xml:132:13-49
151            android:theme="@style/AppTheme.NoActionBar"
151-->src\main\AndroidManifest.xml:133:13-56
152            android:windowSoftInputMode="stateHidden" />
152-->src\main\AndroidManifest.xml:134:13-54
153        <activity
153-->src\main\AndroidManifest.xml:136:9-142:56
154            android:name="com.infinity.interactive.scanqr.generateqr.activity.GenerateActivity"
154-->src\main\AndroidManifest.xml:137:13-96
155            android:exported="true"
155-->src\main\AndroidManifest.xml:138:13-36
156            android:screenOrientation="portrait"
156-->src\main\AndroidManifest.xml:139:13-49
157            android:theme="@style/AppTheme.NoActionBar"
157-->src\main\AndroidManifest.xml:140:13-56
158            android:windowSoftInputMode="stateHidden" />
158-->src\main\AndroidManifest.xml:141:13-54
159        <activity
159-->src\main\AndroidManifest.xml:143:9-149:56
160            android:name="com.infinity.interactive.scanqr.generateqr.activity.SlideActivity"
160-->src\main\AndroidManifest.xml:144:13-93
161            android:exported="true"
161-->src\main\AndroidManifest.xml:145:13-36
162            android:screenOrientation="portrait"
162-->src\main\AndroidManifest.xml:146:13-49
163            android:theme="@style/AppTheme.NoActionBar"
163-->src\main\AndroidManifest.xml:147:13-56
164            android:windowSoftInputMode="stateHidden" />
164-->src\main\AndroidManifest.xml:148:13-54
165        <activity
165-->src\main\AndroidManifest.xml:150:9-162:20
166            android:name="com.infinity.interactive.scanqr.generateqr.activity.EntryActivity"
166-->src\main\AndroidManifest.xml:151:13-93
167            android:exported="true"
167-->src\main\AndroidManifest.xml:152:13-36
168            android:screenOrientation="portrait"
168-->src\main\AndroidManifest.xml:153:13-49
169            android:theme="@style/AppTheme"
169-->src\main\AndroidManifest.xml:154:13-44
170            android:windowSoftInputMode="stateHidden" >
170-->src\main\AndroidManifest.xml:155:13-54
171            <intent-filter>
171-->src\main\AndroidManifest.xml:157:13-161:29
172                <action android:name="android.intent.action.MAIN" />
172-->src\main\AndroidManifest.xml:158:17-69
172-->src\main\AndroidManifest.xml:158:25-66
173
174                <category android:name="android.intent.category.LAUNCHER" />
174-->src\main\AndroidManifest.xml:160:17-77
174-->src\main\AndroidManifest.xml:160:27-74
175            </intent-filter>
176        </activity>
177        <activity
177-->src\main\AndroidManifest.xml:163:9-169:56
178            android:name="com.infinity.interactive.scanqr.generateqr.activity.DashboardActivity"
178-->src\main\AndroidManifest.xml:164:13-97
179            android:exported="true"
179-->src\main\AndroidManifest.xml:165:13-36
180            android:screenOrientation="portrait"
180-->src\main\AndroidManifest.xml:166:13-49
181            android:theme="@style/AppTheme.NoActionBar"
181-->src\main\AndroidManifest.xml:167:13-56
182            android:windowSoftInputMode="stateHidden" />
182-->src\main\AndroidManifest.xml:168:13-54
183        <activity
183-->src\main\AndroidManifest.xml:170:9-176:56
184            android:name="com.infinity.interactive.scanqr.generateqr.activity.ResultActivity"
184-->src\main\AndroidManifest.xml:171:13-94
185            android:exported="true"
185-->src\main\AndroidManifest.xml:172:13-36
186            android:screenOrientation="portrait"
186-->src\main\AndroidManifest.xml:173:13-49
187            android:theme="@style/AppTheme.NoActionBar"
187-->src\main\AndroidManifest.xml:174:13-56
188            android:windowSoftInputMode="stateHidden" />
188-->src\main\AndroidManifest.xml:175:13-54
189
190        <!-- <receiver -->
191        <!-- android:name=".activity.AlarmReceiver" -->
192        <!-- android:exported="true"> -->
193        <!-- <intent-filter> -->
194        <!-- <action android:name="android.media.action.DISPLAY_NOTIFICATION" /> -->
195        <!-- <action android:name="android.intent.action.BOOT_COMPLETED" /> -->
196        <!-- <action android:name="alarm.running" /> -->
197
198
199        <!-- <category android:name="android.intent.category.DEFAULT" /> -->
200        <!-- </intent-filter> -->
201        <!-- </receiver> &lt;!&ndash; Will not be called unless the application explicitly enables it &ndash;&gt; -->
202        <!-- <receiver -->
203        <!-- android:name=".activity.DeviceBootReceiver" -->
204        <!-- android:enabled="false" -->
205        <!-- android:exported="true"> -->
206        <!-- <intent-filter> -->
207        <!-- <action android:name="android.intent.action.BOOT_COMPLETED" /> -->
208        <!-- </intent-filter> -->
209        <!-- </receiver> -->
210
211
212        <!-- <service -->
213        <!-- android:name="scanner.app.scan.qrcode.reader.pushnotification.FireBaseNotification" -->
214        <!-- android:exported="true" -->
215        <!-- tools:ignore="ExportedService"> -->
216        <!-- <intent-filter> -->
217        <!-- <action android:name="com.google.firebase.MESSAGING_EVENT" /> -->
218        <!-- </intent-filter> -->
219        <!-- </service> -->
220
221
222        <!-- <meta-data -->
223        <!-- android:name="com.google.android.gms.ads.APPLICATION_ID" -->
224        <!-- android:value="@string/app_ad_id" /> -->
225        <!-- <meta-data -->
226        <!-- android:name="com.google.android.gms.ads.flag.OPTIMIZE_INITIALIZATION" -->
227        <!-- android:value="true" /> -->
228        <!-- <meta-data -->
229        <!-- android:name="com.google.android.gms.ads.flag.OPTIMIZE_AD_LOADING" -->
230        <!-- android:value="true" /> -->
231        <meta-data
231-->src\main\AndroidManifest.xml:216:9-218:71
232            android:name="com.google.android.geo.API_KEY"
232-->src\main\AndroidManifest.xml:217:13-58
233            android:value="AIzaSyCWhW2m-jVDIO1za2cJ_BwreUhv30EFBNI" />
233-->src\main\AndroidManifest.xml:218:13-68
234
235        <provider
235-->src\main\AndroidManifest.xml:220:9-228:20
236            android:name="androidx.core.content.FileProvider"
236-->src\main\AndroidManifest.xml:221:13-62
237            android:authorities="com.infinity.interactive.scanqr.generateqr.fileprovider"
237-->src\main\AndroidManifest.xml:222:13-90
238            android:exported="false"
238-->src\main\AndroidManifest.xml:223:13-37
239            android:grantUriPermissions="true" >
239-->src\main\AndroidManifest.xml:224:13-47
240            <meta-data
240-->src\main\AndroidManifest.xml:225:13-227:54
241                android:name="android.support.FILE_PROVIDER_PATHS"
241-->src\main\AndroidManifest.xml:226:17-67
242                android:resource="@xml/file_paths" />
242-->src\main\AndroidManifest.xml:227:17-51
243        </provider>
244
245        <uses-library
245-->[androidx.window:window:1.0.0] AndroidManifest.xml:25:9-27:40
246            android:name="androidx.window.extensions"
246-->[androidx.window:window:1.0.0] AndroidManifest.xml:26:13-54
247            android:required="false" />
247-->[androidx.window:window:1.0.0] AndroidManifest.xml:27:13-37
248        <uses-library
248-->[androidx.window:window:1.0.0] AndroidManifest.xml:28:9-30:40
249            android:name="androidx.window.sidecar"
249-->[androidx.window:window:1.0.0] AndroidManifest.xml:29:13-51
250            android:required="false" />
250-->[androidx.window:window:1.0.0] AndroidManifest.xml:30:13-37
251
252        <activity
252-->[com.karumi:dexter:6.2.1] AndroidManifest.xml:27:9-29:72
253            android:name="com.karumi.dexter.DexterActivity"
253-->[com.karumi:dexter:6.2.1] AndroidManifest.xml:28:13-60
254            android:theme="@style/Dexter.Internal.Theme.Transparent" /> <!-- Needs to be explicitly declared on P+ -->
254-->[com.karumi:dexter:6.2.1] AndroidManifest.xml:29:13-69
255        <uses-library
255-->[com.google.android.gms:play-services-maps:17.0.0] AndroidManifest.xml:33:9-35:40
256            android:name="org.apache.http.legacy"
256-->[com.google.android.gms:play-services-maps:17.0.0] AndroidManifest.xml:34:13-50
257            android:required="false" />
257-->[com.google.android.gms:play-services-maps:17.0.0] AndroidManifest.xml:35:13-37
258
259        <activity
259-->[com.google.android.gms:play-services-base:17.0.0] AndroidManifest.xml:23:9-26:75
260            android:name="com.google.android.gms.common.api.GoogleApiActivity"
260-->[com.google.android.gms:play-services-base:17.0.0] AndroidManifest.xml:24:13-79
261            android:exported="false"
261-->[com.google.android.gms:play-services-base:17.0.0] AndroidManifest.xml:25:13-37
262            android:theme="@android:style/Theme.Translucent.NoTitleBar" />
262-->[com.google.android.gms:play-services-base:17.0.0] AndroidManifest.xml:26:13-72
263
264        <receiver
264-->[com.google.android.gms:play-services-measurement:21.2.0] AndroidManifest.xml:29:9-33:20
265            android:name="com.google.android.gms.measurement.AppMeasurementReceiver"
265-->[com.google.android.gms:play-services-measurement:21.2.0] AndroidManifest.xml:30:13-85
266            android:enabled="true"
266-->[com.google.android.gms:play-services-measurement:21.2.0] AndroidManifest.xml:31:13-35
267            android:exported="false" >
267-->[com.google.android.gms:play-services-measurement:21.2.0] AndroidManifest.xml:32:13-37
268        </receiver>
269
270        <service
270-->[com.google.android.gms:play-services-measurement:21.2.0] AndroidManifest.xml:35:9-38:40
271            android:name="com.google.android.gms.measurement.AppMeasurementService"
271-->[com.google.android.gms:play-services-measurement:21.2.0] AndroidManifest.xml:36:13-84
272            android:enabled="true"
272-->[com.google.android.gms:play-services-measurement:21.2.0] AndroidManifest.xml:37:13-35
273            android:exported="false" />
273-->[com.google.android.gms:play-services-measurement:21.2.0] AndroidManifest.xml:38:13-37
274        <service
274-->[com.google.android.gms:play-services-measurement:21.2.0] AndroidManifest.xml:39:9-43:72
275            android:name="com.google.android.gms.measurement.AppMeasurementJobService"
275-->[com.google.android.gms:play-services-measurement:21.2.0] AndroidManifest.xml:40:13-87
276            android:enabled="true"
276-->[com.google.android.gms:play-services-measurement:21.2.0] AndroidManifest.xml:41:13-35
277            android:exported="false"
277-->[com.google.android.gms:play-services-measurement:21.2.0] AndroidManifest.xml:42:13-37
278            android:permission="android.permission.BIND_JOB_SERVICE" />
278-->[com.google.android.gms:play-services-measurement:21.2.0] AndroidManifest.xml:43:13-69
279        <service
279-->[com.google.android.gms:play-services-measurement-api:21.2.0] AndroidManifest.xml:28:9-34:19
280            android:name="com.google.firebase.components.ComponentDiscoveryService"
280-->[com.google.android.gms:play-services-measurement-api:21.2.0] AndroidManifest.xml:29:13-84
281            android:directBootAware="true"
281-->[com.google.firebase:firebase-common:20.3.0] AndroidManifest.xml:34:13-43
282            android:exported="false" >
282-->[com.google.android.gms:play-services-measurement-api:21.2.0] AndroidManifest.xml:30:13-37
283            <meta-data
283-->[com.google.android.gms:play-services-measurement-api:21.2.0] AndroidManifest.xml:31:13-33:85
284                android:name="com.google.firebase.components:com.google.firebase.analytics.connector.internal.AnalyticsConnectorRegistrar"
284-->[com.google.android.gms:play-services-measurement-api:21.2.0] AndroidManifest.xml:32:17-139
285                android:value="com.google.firebase.components.ComponentRegistrar" />
285-->[com.google.android.gms:play-services-measurement-api:21.2.0] AndroidManifest.xml:33:17-82
286            <meta-data
286-->[com.google.firebase:firebase-installations:17.1.2] AndroidManifest.xml:17:13-19:85
287                android:name="com.google.firebase.components:com.google.firebase.installations.FirebaseInstallationsRegistrar"
287-->[com.google.firebase:firebase-installations:17.1.2] AndroidManifest.xml:18:17-127
288                android:value="com.google.firebase.components.ComponentRegistrar" />
288-->[com.google.firebase:firebase-installations:17.1.2] AndroidManifest.xml:19:17-82
289        </service>
290
291        <provider
291-->[com.google.firebase:firebase-common:20.3.0] AndroidManifest.xml:25:9-30:39
292            android:name="com.google.firebase.provider.FirebaseInitProvider"
292-->[com.google.firebase:firebase-common:20.3.0] AndroidManifest.xml:26:13-77
293            android:authorities="com.infinity.interactive.scanqr.generateqr.firebaseinitprovider"
293-->[com.google.firebase:firebase-common:20.3.0] AndroidManifest.xml:27:13-72
294            android:directBootAware="true"
294-->[com.google.firebase:firebase-common:20.3.0] AndroidManifest.xml:28:13-43
295            android:exported="false"
295-->[com.google.firebase:firebase-common:20.3.0] AndroidManifest.xml:29:13-37
296            android:initOrder="100" />
296-->[com.google.firebase:firebase-common:20.3.0] AndroidManifest.xml:30:13-36
297
298        <meta-data
298-->[com.google.android.gms:play-services-basement:18.1.0] AndroidManifest.xml:21:9-23:69
299            android:name="com.google.android.gms.version"
299-->[com.google.android.gms:play-services-basement:18.1.0] AndroidManifest.xml:22:13-58
300            android:value="@integer/google_play_services_version" />
300-->[com.google.android.gms:play-services-basement:18.1.0] AndroidManifest.xml:23:13-66
301
302        <provider
302-->[androidx.work:work-runtime:2.7.0-alpha05] AndroidManifest.xml:31:9-39:20
303            android:name="androidx.startup.InitializationProvider"
303-->[androidx.work:work-runtime:2.7.0-alpha05] AndroidManifest.xml:32:13-67
304            android:authorities="com.infinity.interactive.scanqr.generateqr.androidx-startup"
304-->[androidx.work:work-runtime:2.7.0-alpha05] AndroidManifest.xml:33:13-68
305            android:exported="false" >
305-->[androidx.work:work-runtime:2.7.0-alpha05] AndroidManifest.xml:34:13-37
306            <meta-data
306-->[androidx.work:work-runtime:2.7.0-alpha05] AndroidManifest.xml:36:13-38:52
307                android:name="androidx.work.WorkManagerInitializer"
307-->[androidx.work:work-runtime:2.7.0-alpha05] AndroidManifest.xml:37:17-68
308                android:value="androidx.startup" />
308-->[androidx.work:work-runtime:2.7.0-alpha05] AndroidManifest.xml:38:17-49
309            <meta-data
309-->[androidx.emoji2:emoji2:1.0.0] AndroidManifest.xml:31:13-33:52
310                android:name="androidx.emoji2.text.EmojiCompatInitializer"
310-->[androidx.emoji2:emoji2:1.0.0] AndroidManifest.xml:32:17-75
311                android:value="androidx.startup" />
311-->[androidx.emoji2:emoji2:1.0.0] AndroidManifest.xml:33:17-49
312            <meta-data
312-->[androidx.lifecycle:lifecycle-process:2.4.0] AndroidManifest.xml:31:13-33:52
313                android:name="androidx.lifecycle.ProcessLifecycleInitializer"
313-->[androidx.lifecycle:lifecycle-process:2.4.0] AndroidManifest.xml:32:17-78
314                android:value="androidx.startup" />